{"/Users/vincent/Dropbox/FullstackAcademy/Stackstore/server/db/index.js":{"path":"/Users/vincent/Dropbox/FullstackAcademy/Stackstore/server/db/index.js","s":{"1":1,"2":1,"3":1,"4":1,"5":1,"6":1,"7":1,"8":1,"9":0,"10":0,"11":1,"12":1,"13":1,"14":1},"b":{},"f":{"1":0,"2":1},"fnMap":{"1":{"name":"(anonymous_1)","line":16,"loc":{"start":{"line":16,"column":27},"end":{"line":16,"column":54}}},"2":{"name":"(anonymous_2)","line":22,"loc":{"start":{"line":22,"column":20},"end":{"line":22,"column":32}}}},"statementMap":{"1":{"start":{"line":2,"column":0},"end":{"line":2,"column":21}},"2":{"start":{"line":3,"column":0},"end":{"line":3,"column":27}},"3":{"start":{"line":4,"column":0},"end":{"line":4,"column":29}},"4":{"start":{"line":6,"column":0},"end":{"line":6,"column":72}},"5":{"start":{"line":8,"column":0},"end":{"line":8,"column":35}},"6":{"start":{"line":9,"column":0},"end":{"line":9,"column":51}},"7":{"start":{"line":14,"column":0},"end":{"line":14,"column":25}},"8":{"start":{"line":16,"column":0},"end":{"line":19,"column":3}},"9":{"start":{"line":17,"column":4},"end":{"line":17,"column":27}},"10":{"start":{"line":18,"column":4},"end":{"line":18,"column":27}},"11":{"start":{"line":21,"column":0},"end":{"line":21,"column":65}},"12":{"start":{"line":22,"column":0},"end":{"line":24,"column":3}},"13":{"start":{"line":23,"column":4},"end":{"line":23,"column":59}},"14":{"start":{"line":26,"column":0},"end":{"line":26,"column":32}}},"branchMap":{}},"/Users/vincent/Dropbox/FullstackAcademy/Stackstore/server/env/index.js":{"path":"/Users/vincent/Dropbox/FullstackAcademy/Stackstore/server/env/index.js","s":{"1":1,"2":1,"3":1,"4":1,"5":0,"6":1},"b":{"1":[0,1]},"f":{},"fnMap":{},"statementMap":{"1":{"start":{"line":1,"column":0},"end":{"line":1,"column":27}},"2":{"start":{"line":2,"column":0},"end":{"line":2,"column":61}},"3":{"start":{"line":3,"column":0},"end":{"line":3,"column":67}},"4":{"start":{"line":5,"column":0},"end":{"line":9,"column":1}},"5":{"start":{"line":6,"column":4},"end":{"line":6,"column":51}},"6":{"start":{"line":8,"column":4},"end":{"line":8,"column":44}}},"branchMap":{"1":{"line":5,"type":"if","locations":[{"start":{"line":5,"column":0},"end":{"line":5,"column":0}},{"start":{"line":5,"column":0},"end":{"line":5,"column":0}}]}}},"/Users/vincent/Dropbox/FullstackAcademy/Stackstore/server/env/development.js":{"path":"/Users/vincent/Dropbox/FullstackAcademy/Stackstore/server/env/development.js","s":{"1":1,"2":1},"b":{},"f":{},"fnMap":{},"statementMap":{"1":{"start":{"line":1,"column":0},"end":{"line":1,"column":41}},"2":{"start":{"line":3,"column":0},"end":{"line":21,"column":2}}},"branchMap":{}},"/Users/vincent/Dropbox/FullstackAcademy/Stackstore/server/db/models/user.js":{"path":"/Users/vincent/Dropbox/FullstackAcademy/Stackstore/server/db/models/user.js","s":{"1":1,"2":1,"3":1,"4":1,"5":1,"6":1,"7":3,"8":3,"9":3,"10":3,"11":1,"12":1,"13":1,"14":1,"15":1,"16":1,"17":1,"18":2,"19":1},"b":{"1":[1,0]},"f":{"1":1,"2":3,"3":1,"4":2},"fnMap":{"1":{"name":"(anonymous_1)","line":34,"loc":{"start":{"line":34,"column":19},"end":{"line":34,"column":30}}},"2":{"name":"(anonymous_2)","line":38,"loc":{"start":{"line":38,"column":22},"end":{"line":38,"column":48}}},"3":{"name":"(anonymous_3)","line":45,"loc":{"start":{"line":45,"column":19},"end":{"line":45,"column":34}}},"4":{"name":"(anonymous_4)","line":58,"loc":{"start":{"line":58,"column":33},"end":{"line":58,"column":61}}}},"statementMap":{"1":{"start":{"line":2,"column":0},"end":{"line":2,"column":31}},"2":{"start":{"line":3,"column":0},"end":{"line":3,"column":35}},"3":{"start":{"line":5,"column":0},"end":{"line":30,"column":3}},"4":{"start":{"line":34,"column":0},"end":{"line":36,"column":2}},"5":{"start":{"line":35,"column":2},"end":{"line":35,"column":51}},"6":{"start":{"line":38,"column":0},"end":{"line":43,"column":2}},"7":{"start":{"line":39,"column":2},"end":{"line":39,"column":39}},"8":{"start":{"line":40,"column":2},"end":{"line":40,"column":25}},"9":{"start":{"line":41,"column":2},"end":{"line":41,"column":20}},"10":{"start":{"line":42,"column":2},"end":{"line":42,"column":28}},"11":{"start":{"line":45,"column":0},"end":{"line":56,"column":3}},"12":{"start":{"line":47,"column":2},"end":{"line":47,"column":18}},"13":{"start":{"line":49,"column":2},"end":{"line":52,"column":3}},"14":{"start":{"line":50,"column":4},"end":{"line":50,"column":31}},"15":{"start":{"line":51,"column":4},"end":{"line":51,"column":62}},"16":{"start":{"line":54,"column":2},"end":{"line":54,"column":9}},"17":{"start":{"line":58,"column":0},"end":{"line":60,"column":3}},"18":{"start":{"line":59,"column":2},"end":{"line":59,"column":73}},"19":{"start":{"line":62,"column":0},"end":{"line":62,"column":48}}},"branchMap":{"1":{"line":49,"type":"if","locations":[{"start":{"line":49,"column":2},"end":{"line":49,"column":2}},{"start":{"line":49,"column":2},"end":{"line":49,"column":2}}]}}},"/Users/vincent/Dropbox/FullstackAcademy/Stackstore/server/db/models/schemas.js":{"path":"/Users/vincent/Dropbox/FullstackAcademy/Stackstore/server/db/models/schemas.js","s":{"1":1,"2":1,"3":1,"4":1,"5":1,"6":1},"b":{},"f":{},"fnMap":{},"statementMap":{"1":{"start":{"line":1,"column":0},"end":{"line":2,"column":26}},"2":{"start":{"line":5,"column":0},"end":{"line":12,"column":3}},"3":{"start":{"line":15,"column":0},"end":{"line":22,"column":3}},"4":{"start":{"line":24,"column":0},"end":{"line":27,"column":3}},"5":{"start":{"line":30,"column":0},"end":{"line":36,"column":3}},"6":{"start":{"line":38,"column":0},"end":{"line":44,"column":2}}},"branchMap":{}}}