TN:
SF:/Users/vincent/Dropbox/FullstackAcademy/Stackstore/server/db/index.js
FN:16,(anonymous_1)
FN:22,(anonymous_2)
FNF:2
FNH:1
FNDA:0,(anonymous_1)
FNDA:1,(anonymous_2)
DA:2,1
DA:3,1
DA:4,1
DA:6,1
DA:8,1
DA:9,1
DA:14,1
DA:16,1
DA:17,0
DA:18,0
DA:21,1
DA:22,1
DA:23,1
DA:26,1
LF:14
LH:12
BRF:0
BRH:0
end_of_record
TN:
SF:/Users/vincent/Dropbox/FullstackAcademy/Stackstore/server/env/index.js
FNF:0
FNH:0
DA:1,1
DA:2,1
DA:3,1
DA:5,1
DA:6,0
DA:8,1
LF:6
LH:5
BRDA:5,1,0,0
BRDA:5,1,1,1
BRF:2
BRH:1
end_of_record
TN:
SF:/Users/vincent/Dropbox/FullstackAcademy/Stackstore/server/env/development.js
FNF:0
FNH:0
DA:1,1
DA:3,1
LF:2
LH:2
BRF:0
BRH:0
end_of_record
TN:
SF:/Users/vincent/Dropbox/FullstackAcademy/Stackstore/server/db/models/user.js
FN:34,(anonymous_1)
FN:38,(anonymous_2)
FN:45,(anonymous_3)
FN:58,(anonymous_4)
FNF:4
FNH:4
FNDA:1,(anonymous_1)
FNDA:3,(anonymous_2)
FNDA:1,(anonymous_3)
FNDA:2,(anonymous_4)
DA:2,1
DA:3,1
DA:5,1
DA:34,1
DA:35,1
DA:38,1
DA:39,3
DA:40,3
DA:41,3
DA:42,3
DA:45,1
DA:47,1
DA:49,1
DA:50,1
DA:51,1
DA:54,1
DA:58,1
DA:59,2
DA:62,1
LF:19
LH:19
BRDA:49,1,0,1
BRDA:49,1,1,0
BRF:2
BRH:1
end_of_record
TN:
SF:/Users/vincent/Dropbox/FullstackAcademy/Stackstore/server/db/models/schemas.js
FNF:0
FNH:0
DA:1,1
DA:5,1
DA:15,1
DA:24,1
DA:30,1
DA:38,1
LF:6
LH:6
BRF:0
BRH:0
end_of_record
